28/03/2025 18:06:23.813 - INFO - Logger initialized
28/03/2025 18:06:23.872 - INFO - Using existing database at trading.db
28/03/2025 18:06:23.877 - INFO - Configuration saved to C:\Users\raoul\Documents\UpworkProjects\ibkr_mnq_futures\output\config\config_28032025_180623.cfg
28/03/2025 18:06:23.878 - INFO - Starting trading system...
28/03/2025 18:06:23.878 - INFO - Paper trading mode enabled
28/03/2025 18:06:23.914 - INFO - (2104) Market data farm connection is OK:usfarm.nj 
28/03/2025 18:06:23.914 - INFO - (2104) Market data farm connection is OK:usfuture 
28/03/2025 18:06:23.914 - INFO - (2104) Market data farm connection is OK:cashfarm 
28/03/2025 18:06:23.915 - INFO - (2104) Market data farm connection is OK:usfarm 
28/03/2025 18:06:23.916 - INFO - (2106) HMDS data farm connection is OK:euhmds 
28/03/2025 18:06:23.916 - INFO - (2106) HMDS data farm connection is OK:fundfarm 
28/03/2025 18:06:23.917 - INFO - (2106) HMDS data farm connection is OK:ushmds 
28/03/2025 18:06:23.917 - INFO - (2158) Sec-def data farm connection is OK:secdefil 
28/03/2025 18:06:24.002 - INFO - Successfully connected to Interactive Brokers
28/03/2025 18:06:24.003 - INFO - Starting trading loop
28/03/2025 18:06:24.004 - INFO - PortfolioManager: Updating positions from orders.
28/03/2025 18:06:24.004 - DEBUG - PortfolioManager: There are 0 orders
28/03/2025 18:06:24.005 - INFO - PortfolioManager: Finished updating positions from orders. Currently 0 position(s).
28/03/2025 18:06:24.005 - DEBUG - Checking for cancelled market orders.
28/03/2025 18:06:24.005 - DEBUG - No cancelled orders found.
28/03/2025 18:06:24.005 - DEBUG - Checking PnL for trading pause.
28/03/2025 18:06:24.005 - DEBUG - PnL: 0
28/03/2025 18:06:24.006 - DEBUG - Checking for trading opportunities.
28/03/2025 18:06:24.959 - INFO - Market data:                                open      high       low     close volume
datetime                                                                
2025-03-28 11:57:00-05:00  19501.00  19502.75  19495.50  19499.50   2951
2025-03-28 11:58:00-05:00  19499.75  19499.75  19490.50  19492.25   2710
2025-03-28 11:59:00-05:00  19492.50  19495.00  19489.00  19492.75   2170
2025-03-28 12:00:00-05:00  19492.50  19492.75  19477.00  19483.25   5316
2025-03-28 12:01:00-05:00  19483.25  19483.75  19469.00  19479.00   4218
2025-03-28 12:02:00-05:00  19478.25  19488.75  19477.50  19485.25   2452
2025-03-28 12:03:00-05:00  19485.00  19492.00  19480.25  19482.25   2070
2025-03-28 12:04:00-05:00  19482.50  19485.50  19480.00  19484.50   1696
2025-03-28 12:05:00-05:00  19483.75  19486.75  19471.00  19472.25   2999
2025-03-28 12:06:00-05:00  19472.00  19476.50  19466.50  19468.25   1597
28/03/2025 18:06:24.960 - INFO - Signal generated: BUY
28/03/2025 18:06:24.961 - DEBUG - Placing bracket order.
28/03/2025 18:06:25.164 - DEBUG - STP price: 19435.0, LMT price: 19540.0
28/03/2025 18:06:31.535 - ERROR - Error 399: Order Message: BUY 2 MNQ JUN'25 Warning: Your order was repriced so as not to cross a related resting order. 
28/03/2025 18:06:31.535 - INFO - All orders were accepted by the API.
28/03/2025 18:06:35.670 - DEBUG - Adding order to database: 201,0,0: MKT BUY 2.000000@ 
28/03/2025 18:06:35.678 - INFO - Added order 201 to database
28/03/2025 18:06:35.679 - DEBUG - Adding order to database: 202,0,0: LMT SELL 2.000000@19540 
28/03/2025 18:06:35.685 - INFO - Added order 202 to database
28/03/2025 18:06:35.685 - DEBUG - Adding order to database: 203,0,0: STP SELL 2.000000@ 
28/03/2025 18:06:35.691 - INFO - Added order 203 to database
28/03/2025 18:07:07.467 - ERROR - Error in trading loop: 'str' object cannot be interpreted as an integer
