28/03/2025 17:54:27.626 - INFO - Logger initialized
28/03/2025 17:54:27.706 - INFO - Using existing database at trading.db
28/03/2025 17:54:27.716 - INFO - Configuration saved to C:\Users\raoul\Documents\UpworkProjects\ibkr_mnq_futures\output\config\config_28032025_175427.cfg
28/03/2025 17:54:27.717 - INFO - Starting trading system...
28/03/2025 17:54:27.717 - INFO - Paper trading mode enabled
28/03/2025 17:54:27.730 - INFO - (2104) Market data farm connection is OK:usfarm.nj 
28/03/2025 17:54:27.730 - INFO - (2104) Market data farm connection is OK:usfuture 
28/03/2025 17:54:27.730 - INFO - (2104) Market data farm connection is OK:cashfarm 
28/03/2025 17:54:27.731 - INFO - (2104) Market data farm connection is OK:usfarm 
28/03/2025 17:54:27.732 - INFO - (2106) HMDS data farm connection is OK:euhmds 
28/03/2025 17:54:27.732 - INFO - (2106) HMDS data farm connection is OK:fundfarm 
28/03/2025 17:54:27.732 - INFO - (2106) HMDS data farm connection is OK:ushmds 
28/03/2025 17:54:27.733 - INFO - (2158) Sec-def data farm connection is OK:secdefil 
28/03/2025 17:54:27.828 - INFO - Successfully connected to Interactive Brokers
28/03/2025 17:54:27.829 - INFO - Starting trading loop
28/03/2025 17:54:27.830 - INFO - PortfolioManager: Updating positions from orders.
28/03/2025 17:54:27.830 - DEBUG - PortfolioManager: There are 0 orders
28/03/2025 17:54:27.831 - INFO - PortfolioManager: Finished updating positions from orders. Currently 0 position(s).
28/03/2025 17:54:27.832 - DEBUG - Checking for cancelled market orders.
28/03/2025 17:54:27.832 - DEBUG - No cancelled orders found.
28/03/2025 17:54:27.832 - DEBUG - Checking PnL for trading pause.
28/03/2025 17:54:32.651 - DEBUG - PnL: 0
28/03/2025 17:54:32.652 - DEBUG - Checking for trading opportunities.
28/03/2025 17:54:33.544 - INFO - Market data:                                open      high       low     close volume
datetime                                                                
2025-03-28 11:45:00-05:00  19506.25  19511.75  19504.00  19507.00   2097
2025-03-28 11:46:00-05:00  19506.75  19517.00  19503.00  19513.00   2549
2025-03-28 11:47:00-05:00  19513.00  19517.25  19509.50  19513.00   1819
2025-03-28 11:48:00-05:00  19513.00  19527.50  19510.50  19518.25   2689
2025-03-28 11:49:00-05:00  19518.25  19520.25  19510.50  19515.50   1701
2025-03-28 11:50:00-05:00  19515.25  19526.25  19513.75  19519.50   2235
2025-03-28 11:51:00-05:00  19519.25  19531.00  19516.75  19525.75   2113
2025-03-28 11:52:00-05:00  19525.75  19533.00  19525.00  19528.50   1928
2025-03-28 11:53:00-05:00  19528.25  19530.50  19511.75  19512.00   2651
2025-03-28 11:54:00-05:00  19512.25  19525.25  19511.75  19523.25   1071
28/03/2025 17:54:33.544 - INFO - Signal generated: BUY
28/03/2025 17:54:41.419 - DEBUG - Placing bracket order.
28/03/2025 17:54:41.623 - DEBUG - STP price: 19495.75, LMT price: 19600.75
28/03/2025 17:54:48.176 - INFO - All orders were accepted by the API.
28/03/2025 17:54:48.177 - DEBUG - Adding order to database: [2275368559216: 189,0,0: MKT BUY 2.000000@ , 2275368196112: 190,0,0: LMT SELL 2.000000@19600.75 , 2275368203472: 191,0,0: STP SELL 2.000000@ ]
28/03/2025 17:54:48.208 - ERROR - DB: Error adding order to database: no such table: orders
28/03/2025 17:54:48.213 - ERROR - DB: Error printing database entries: no such table: orders
28/03/2025 17:54:48.214 - ERROR - Error in trading loop: 'str' object cannot be interpreted as an integer
28/03/2025 17:54:58.215 - INFO - Starting trading loop
28/03/2025 17:54:58.216 - INFO - PortfolioManager: Updating positions from orders.
28/03/2025 17:54:58.217 - DEBUG - PortfolioManager: There are 3 orders
28/03/2025 17:54:58.217 - INFO - Order: 189,0,0: MKT BUY 2.000000@ 
28/03/2025 17:54:58.217 - INFO - Order: 190,0,0: LMT SELL 2.000000@19600.75 
28/03/2025 17:54:58.218 - INFO - Order: 191,0,0: STP SELL 2.000000@ 
28/03/2025 17:54:58.219 - DEBUG - Order statuses: 1 filled, 0 cancelled, 2 pending
28/03/2025 17:54:58.219 - INFO - Buy order filled, creating new position.
28/03/2025 17:54:58.222 - INFO - PortfolioManager: Finished updating positions from orders. Currently 1 position(s).
28/03/2025 17:54:58.223 - INFO - Position(
  Ticker: MNQ
  Security: FUT
  Currency: USD
  Expiry: 20250620
  Contract ID: 691171685
  Quantity: 2
  Avg Price: 19525.00 USD
  Stop Loss: None
  Take Profit: None
  Status: OPEN
  Time Opened: 2025-03-28 11:54:58 CDT
28/03/2025 17:54:58.223 - DEBUG - Checking for cancelled market orders.
28/03/2025 17:54:58.224 - DEBUG - No cancelled orders found.
28/03/2025 17:54:58.225 - DEBUG - Checking PnL for trading pause.
28/03/2025 17:54:58.231 - DEBUG - PnL: 0
28/03/2025 17:54:58.232 - DEBUG - Checking for trading opportunities.
28/03/2025 17:54:58.941 - INFO - Market data:                                open      high       low     close volume
datetime                                                                
2025-03-28 11:45:00-05:00  19506.25  19511.75  19504.00  19507.00   2097
2025-03-28 11:46:00-05:00  19506.75  19517.00  19503.00  19513.00   2549
2025-03-28 11:47:00-05:00  19513.00  19517.25  19509.50  19513.00   1819
2025-03-28 11:48:00-05:00  19513.00  19527.50  19510.50  19518.25   2689
2025-03-28 11:49:00-05:00  19518.25  19520.25  19510.50  19515.50   1701
2025-03-28 11:50:00-05:00  19515.25  19526.25  19513.75  19519.50   2235
2025-03-28 11:51:00-05:00  19519.25  19531.00  19516.75  19525.75   2113
2025-03-28 11:52:00-05:00  19525.75  19533.00  19525.00  19528.50   1928
2025-03-28 11:53:00-05:00  19528.25  19530.50  19511.75  19512.00   2651
2025-03-28 11:54:00-05:00  19512.25  19527.75  19511.75  19526.25   1934
28/03/2025 17:54:58.941 - INFO - Signal generated: BUY
28/03/2025 17:54:58.942 - ERROR - Error in trading loop: 'str' object cannot be interpreted as an integer
28/03/2025 17:55:08.943 - INFO - Starting trading loop
28/03/2025 17:55:08.945 - INFO - PortfolioManager: Updating positions from orders.
28/03/2025 17:55:08.946 - DEBUG - PortfolioManager: There are 3 orders
28/03/2025 17:55:08.947 - INFO - Order: 189,0,0: MKT BUY 2.000000@ 
28/03/2025 17:55:08.948 - INFO - Order: 190,0,0: LMT SELL 2.000000@19600.75 
28/03/2025 17:55:08.949 - INFO - Order: 191,0,0: STP SELL 2.000000@ 
28/03/2025 17:55:08.949 - DEBUG - Order statuses: 1 filled, 0 cancelled, 2 pending
28/03/2025 17:55:08.950 - INFO - PortfolioManager: Finished updating positions from orders. Currently 1 position(s).
28/03/2025 17:55:08.951 - INFO - Position(
  Ticker: MNQ
  Security: FUT
  Currency: USD
  Expiry: 20250620
  Contract ID: 691171685
  Quantity: 2
  Avg Price: 19525.00 USD
  Stop Loss: None
  Take Profit: None
  Status: OPEN
  Time Opened: 2025-03-28 11:54:58 CDT
28/03/2025 17:55:08.952 - DEBUG - Checking for cancelled market orders.
28/03/2025 17:55:08.953 - DEBUG - No cancelled orders found.
28/03/2025 17:55:08.953 - DEBUG - Checking PnL for trading pause.
28/03/2025 17:55:08.954 - DEBUG - PnL: 0
28/03/2025 17:55:08.955 - DEBUG - Checking for trading opportunities.
28/03/2025 17:55:09.600 - INFO - Market data:                                open      high       low     close volume
datetime                                                                
2025-03-28 11:46:00-05:00  19506.75  19517.00  19503.00  19513.00   2549
2025-03-28 11:47:00-05:00  19513.00  19517.25  19509.50  19513.00   1819
2025-03-28 11:48:00-05:00  19513.00  19527.50  19510.50  19518.25   2689
2025-03-28 11:49:00-05:00  19518.25  19520.25  19510.50  19515.50   1701
2025-03-28 11:50:00-05:00  19515.25  19526.25  19513.75  19519.50   2235
2025-03-28 11:51:00-05:00  19519.25  19531.00  19516.75  19525.75   2113
2025-03-28 11:52:00-05:00  19525.75  19533.00  19525.00  19528.50   1928
2025-03-28 11:53:00-05:00  19528.25  19530.50  19511.75  19512.00   2651
2025-03-28 11:54:00-05:00  19512.25  19527.75  19511.75  19525.25   2018
2025-03-28 11:55:00-05:00  19525.25  19525.50  19521.50  19521.75    158
28/03/2025 17:55:09.601 - INFO - Signal generated: BUY
28/03/2025 17:55:09.602 - ERROR - Error in trading loop: 'str' object cannot be interpreted as an integer
