2025-04-01 23:35:18,819.819 - INFO - Logger initialized
2025-04-01 23:35:18,859.859 - INFO - Using existing database at trading.db
2025-04-01 23:35:18,862.862 - INFO - Configuration saved to C:\Users\raoul\Documents\UpworkProjects\ibkr_mnq_futures\output\config_01042025.cfg
2025-04-01 23:35:18,863.863 - INFO - Starting trading system...
2025-04-01 23:35:18,863.863 - INFO - Paper trading mode enabled
2025-04-01 23:35:18,874.874 - INFO - (2104) Market data farm connection is OK:usfarm.nj 
2025-04-01 23:35:18,874.874 - INFO - (2104) Market data farm connection is OK:usfuture 
2025-04-01 23:35:18,874.874 - INFO - (2104) Market data farm connection is OK:cashfarm 
2025-04-01 23:35:18,874.874 - INFO - (2104) Market data farm connection is OK:usfarm 
2025-04-01 23:35:18,875.875 - INFO - (2106) HMDS data farm connection is OK:euhmds 
2025-04-01 23:35:18,875.875 - INFO - (2106) HMDS data farm connection is OK:fundfarm 
2025-04-01 23:35:18,875.875 - INFO - (2106) HMDS data farm connection is OK:ushmds 
2025-04-01 23:35:18,875.875 - INFO - (2158) Sec-def data farm connection is OK:secdefil 
2025-04-01 23:35:18,972.972 - INFO - Successfully connected to Interactive Brokers
2025-04-01 23:35:18,973.973 - INFO - PortfolioManager: Populating orders from database.
2025-04-01 23:35:18,982.982 - DEBUG - PortfolioManager: Raw orders found: 0
2025-04-01 23:35:18,983.983 - DEBUG - Loaded 0 orders from database.
2025-04-01 23:35:18,984.984 - INFO - PortfolioManager: Populating order statuses from database.
2025-04-01 23:35:18,985.985 - DEBUG - PortfolioManager: Raw order statuses found: 0
2025-04-01 23:35:18,986.986 - DEBUG - Loaded 0 order statuses from database.
2025-04-01 23:35:18,986.986 - INFO - PortfolioManager: Populating positions from database.
2025-04-01 23:35:18,987.987 - DEBUG - PortfolioManager: Raw positions found: 0
2025-04-01 23:35:18,987.987 - DEBUG - Loaded 0 positions from database.
2025-04-01 23:35:18,988.988 - INFO - RiskManager: Populating trading pause times from DB
2025-04-01 23:35:18,989.989 - INFO - No trading pauses found in database
2025-04-01 23:35:18,989.989 - INFO - Starting trading loop
2025-04-01 23:35:18,990.990 - DEBUG - RiskManager: Checking trading day. Current timestamp: 2025-04-01 16:35:18.990187-05:00
2025-04-01 23:35:19,071.071 - DEBUG - RiskManager: Checking trading time. Current timestamp: 2025-04-01 16:35:18.990187-05:00
2025-04-01 23:35:19,071.071 - INFO - PortfolioManager: Updating positions from orders.
2025-04-01 23:35:19,071.071 - DEBUG - PortfolioManager: There are 0 orders
2025-04-01 23:35:19,072.072 - INFO - PortfolioManager: Finished updating positions from orders. Currently 0 position(s).
2025-04-01 23:35:19,072.072 - DEBUG - Checking for cancelled market orders.
2025-04-01 23:35:19,072.072 - DEBUG - No cancelled orders found.
2025-04-01 23:35:19,073.073 - DEBUG - Checking PnL for trading pause.
2025-04-01 23:35:19,073.073 - DEBUG - PnL: 0
2025-04-01 23:35:19,074.074 - DEBUG - Checking for trading opportunities.
2025-04-01 23:35:19,939.939 - INFO - Market data tail:                                open      high       low     close volume
datetime                                                                
2025-04-01 15:50:00-05:00  19594.75  19599.00  19586.25  19596.25    453
2025-04-01 15:51:00-05:00  19596.25  19606.50  19595.25  19605.75    227
2025-04-01 15:52:00-05:00  19605.50  19607.50  19596.50  19604.00    253
2025-04-01 15:53:00-05:00  19603.75  19615.00  19603.75  19615.00    551
2025-04-01 15:54:00-05:00  19614.00  19615.50  19606.25  19606.25    250
2025-04-01 15:55:00-05:00  19606.25  19608.75  19598.50  19601.00    259
2025-04-01 15:56:00-05:00  19603.50  19604.50  19597.00  19597.50    178
2025-04-01 15:57:00-05:00  19597.50  19600.00  19594.00  19595.00    187
2025-04-01 15:58:00-05:00  19594.50  19600.75  19594.00  19597.50    184
2025-04-01 15:59:00-05:00  19597.25  19601.75  19594.00  19597.50    324
2025-04-01 23:35:19,940.940 - INFO - Signal generated: BUY
2025-04-01 23:35:19,940.940 - DEBUG - Placing bracket order.
2025-04-01 23:35:20,143.143 - DEBUG - STP price: 19590.0, LMT price: 19605.0
2025-04-01 23:35:26,458.458 - ERROR - Error 399: Order Message: SELL 2 MNQ JUN'25 Warning: Your order will not be placed at the exchange until 2025-04-02 08:30:00 US/Central. 
2025-04-01 23:35:26,499.499 - INFO - All orders were accepted by the API.
2025-04-01 23:35:26,500.500 - DEBUG - Adding order to database: 1127,0,0: MKT BUY 2.000000@ 
2025-04-01 23:35:26,508.508 - DEBUG - Added order 1127 to database
2025-04-01 23:35:26,508.508 - DEBUG - Adding order to database: 1128,0,0: LMT SELL 2.000000@19605 
2025-04-01 23:35:26,517.517 - DEBUG - Added order 1128 to database
2025-04-01 23:35:26,517.517 - DEBUG - Adding order to database: 1129,0,0: STP SELL 2.000000@ 
2025-04-01 23:35:26,523.523 - DEBUG - Added order 1129 to database
2025-04-01 23:35:26,526.526 - DEBUG - Added status for order 1127 to DB
2025-04-01 23:35:26,531.531 - DEBUG - Added status for order 1128 to DB
2025-04-01 23:35:26,536.536 - DEBUG - Added status for order 1129 to DB
2025-04-01 23:35:26,536.536 - INFO - PortfolioManager: Updating positions from orders.
2025-04-01 23:35:26,536.536 - DEBUG - PortfolioManager: There are 3 orders
2025-04-01 23:35:26,536.536 - INFO - Order: 1127,0,0: MKT BUY 2.000000@ 
2025-04-01 23:35:26,537.537 - INFO - Order: 1128,0,0: LMT SELL 2.000000@19605 
2025-04-01 23:35:26,537.537 - INFO - Order: 1129,0,0: STP SELL 2.000000@ 
2025-04-01 23:35:26,537.537 - DEBUG - Order statuses: 0 filled, 0 cancelled, 3 pending
2025-04-01 23:35:26,537.537 - INFO - PortfolioManager: Finished updating positions from orders. Currently 0 position(s).
2025-04-01 23:35:26,540.540 - INFO - Current time: 2025-04-01 16:35:26.540096-05:00 - End of day approaching - closing all positions and cancelling orders
2025-04-01 23:35:26,540.540 - INFO - Cancelling all active orders.
2025-04-01 23:35:26,540.540 - INFO - Cancelling order 1127 of type MKT
2025-04-01 23:35:26,540.540 - INFO - Cancelling order 1128 of type LMT
2025-04-01 23:35:26,540.540 - INFO - Cancelling order 1129 of type STP
2025-04-01 23:35:26,541.541 - INFO - Closing all open positions.
2025-04-01 23:35:26,541.541 - INFO - No positions to close.
2025-04-01 23:35:26,542.542 - INFO - Sleeping for 60.0 seconds until market close
2025-04-01 23:35:26,683.683 - ERROR - Error 202: Order Canceled - reason: 
2025-04-01 23:35:26,690.690 - ERROR - Error 202: Order Canceled - reason: 
2025-04-01 23:35:26,703.703 - ERROR - Error 202: Order Canceled - reason: 
