28/03/2025 17:58:40.552 - INFO - Logger initialized
28/03/2025 17:58:40.601 - INFO - Initializing database
28/03/2025 17:58:40.615 - INFO - Database initialized successfully
28/03/2025 17:58:40.621 - INFO - Configuration saved to C:\Users\raoul\Documents\UpworkProjects\ibkr_mnq_futures\output\config\config_28032025_175840.cfg
28/03/2025 17:58:40.621 - INFO - Starting trading system...
28/03/2025 17:58:40.621 - INFO - Paper trading mode enabled
28/03/2025 17:58:40.637 - INFO - (2104) Market data farm connection is OK:usfarm.nj 
28/03/2025 17:58:40.638 - INFO - (2104) Market data farm connection is OK:usfuture 
28/03/2025 17:58:40.638 - INFO - (2104) Market data farm connection is OK:cashfarm 
28/03/2025 17:58:40.639 - INFO - (2104) Market data farm connection is OK:usfarm 
28/03/2025 17:58:40.639 - INFO - (2106) HMDS data farm connection is OK:euhmds 
28/03/2025 17:58:40.639 - INFO - (2106) HMDS data farm connection is OK:fundfarm 
28/03/2025 17:58:40.639 - INFO - (2106) HMDS data farm connection is OK:ushmds 
28/03/2025 17:58:40.639 - INFO - (2158) Sec-def data farm connection is OK:secdefil 
28/03/2025 17:58:40.731 - INFO - Successfully connected to Interactive Brokers
28/03/2025 17:58:40.732 - INFO - Starting trading loop
28/03/2025 17:58:40.733 - INFO - PortfolioManager: Updating positions from orders.
28/03/2025 17:58:40.734 - DEBUG - PortfolioManager: There are 0 orders
28/03/2025 17:58:40.735 - INFO - PortfolioManager: Finished updating positions from orders. Currently 0 position(s).
28/03/2025 17:58:40.735 - DEBUG - Checking for cancelled market orders.
28/03/2025 17:58:40.736 - DEBUG - No cancelled orders found.
28/03/2025 17:58:40.739 - DEBUG - Checking PnL for trading pause.
28/03/2025 17:58:40.741 - DEBUG - PnL: 0
28/03/2025 17:58:40.741 - DEBUG - Checking for trading opportunities.
28/03/2025 17:58:41.660 - INFO - Market data:                                open      high       low     close volume
datetime                                                                
2025-03-28 11:49:00-05:00  19518.25  19520.25  19510.50  19515.50   1701
2025-03-28 11:50:00-05:00  19515.25  19526.25  19513.75  19519.50   2235
2025-03-28 11:51:00-05:00  19519.25  19531.00  19516.75  19525.75   2113
2025-03-28 11:52:00-05:00  19525.75  19533.00  19525.00  19528.50   1928
2025-03-28 11:53:00-05:00  19528.25  19530.50  19511.75  19512.00   2651
2025-03-28 11:54:00-05:00  19512.25  19527.75  19511.75  19525.25   2018
2025-03-28 11:55:00-05:00  19525.25  19525.50  19515.25  19516.25   1361
2025-03-28 11:56:00-05:00  19516.00  19517.75  19498.50  19501.00   3893
2025-03-28 11:57:00-05:00  19501.00  19502.75  19495.50  19499.50   2951
2025-03-28 11:58:00-05:00  19499.75  19499.75  19490.50  19493.75   2133
28/03/2025 17:58:41.661 - INFO - Signal generated: BUY
28/03/2025 17:58:41.661 - DEBUG - Placing bracket order.
28/03/2025 17:58:41.864 - DEBUG - STP price: 19464.0, LMT price: 19569.0
28/03/2025 17:58:48.265 - INFO - All orders were accepted by the API.
28/03/2025 17:58:48.273 - ERROR - Error 399: Order Message: BUY 2 MNQ JUN'25 Warning: Your order was repriced so as not to cross a related resting order. 
28/03/2025 17:59:17.860 - DEBUG - Adding order to database: [2431650814288: 195,0,0: MKT BUY 2.000000@ , 2431650820368: 196,0,0: LMT SELL 2.000000@19569 , 2431650820688: 197,0,0: STP SELL 2.000000@ ]
28/03/2025 17:59:28.617 - INFO - Added order 195 to database
28/03/2025 17:59:28.624 - ERROR - Error in trading loop: 'str' object cannot be interpreted as an integer
28/03/2025 17:59:38.719 - INFO - Starting trading loop
28/03/2025 17:59:38.733 - INFO - PortfolioManager: Updating positions from orders.
28/03/2025 17:59:38.736 - DEBUG - PortfolioManager: There are 3 orders
28/03/2025 17:59:38.736 - INFO - Order: 195,0,0: MKT BUY 2.000000@ 
28/03/2025 17:59:38.737 - INFO - Order: 196,0,0: LMT SELL 2.000000@19569 
28/03/2025 17:59:38.737 - INFO - Order: 197,0,0: STP SELL 2.000000@ 
28/03/2025 17:59:38.737 - DEBUG - Order statuses: 1 filled, 0 cancelled, 2 pending
28/03/2025 17:59:38.738 - INFO - Buy order filled, creating new position.
28/03/2025 17:59:38.738 - INFO - PortfolioManager: Finished updating positions from orders. Currently 1 position(s).
28/03/2025 17:59:38.738 - INFO - Position(
  Ticker: MNQ
  Security: FUT
  Currency: USD
  Expiry: 20250620
  Contract ID: 691171685
  Quantity: 2
  Avg Price: 19492.75 USD
  Stop Loss: None
  Take Profit: None
  Status: OPEN
  Time Opened: 2025-03-28 11:59:38 CDT
28/03/2025 17:59:38.739 - DEBUG - Checking for cancelled market orders.
28/03/2025 17:59:38.741 - DEBUG - No cancelled orders found.
28/03/2025 17:59:38.741 - DEBUG - Checking PnL for trading pause.
28/03/2025 17:59:38.742 - DEBUG - PnL: 0
28/03/2025 17:59:38.742 - DEBUG - Checking for trading opportunities.
28/03/2025 17:59:39.450 - INFO - Market data:                                open      high       low     close volume
datetime                                                                
2025-03-28 11:50:00-05:00  19515.25  19526.25  19513.75  19519.50   2235
2025-03-28 11:51:00-05:00  19519.25  19531.00  19516.75  19525.75   2113
2025-03-28 11:52:00-05:00  19525.75  19533.00  19525.00  19528.50   1928
2025-03-28 11:53:00-05:00  19528.25  19530.50  19511.75  19512.00   2651
2025-03-28 11:54:00-05:00  19512.25  19527.75  19511.75  19525.25   2018
2025-03-28 11:55:00-05:00  19525.25  19525.50  19515.25  19516.25   1361
2025-03-28 11:56:00-05:00  19516.00  19517.75  19498.50  19501.00   3893
2025-03-28 11:57:00-05:00  19501.00  19502.75  19495.50  19499.50   2951
2025-03-28 11:58:00-05:00  19499.75  19499.75  19490.50  19492.25   2710
2025-03-28 11:59:00-05:00  19492.50  19494.50  19489.00  19491.75   1517
28/03/2025 17:59:39.451 - INFO - Signal generated: BUY
28/03/2025 17:59:39.451 - ERROR - Error in trading loop: 'str' object cannot be interpreted as an integer
