28/03/2025 18:02:23.483 - INFO - Logger initialized
28/03/2025 18:02:23.547 - INFO - Using existing database at trading.db
28/03/2025 18:02:23.551 - INFO - Configuration saved to C:\Users\raoul\Documents\UpworkProjects\ibkr_mnq_futures\output\config\config_28032025_180223.cfg
28/03/2025 18:02:23.552 - INFO - Starting trading system...
28/03/2025 18:02:23.552 - INFO - Paper trading mode enabled
28/03/2025 18:02:23.571 - INFO - (2104) Market data farm connection is OK:usfarm.nj 
28/03/2025 18:02:23.571 - INFO - (2104) Market data farm connection is OK:usfuture 
28/03/2025 18:02:23.572 - INFO - (2104) Market data farm connection is OK:cashfarm 
28/03/2025 18:02:23.574 - INFO - (2104) Market data farm connection is OK:usfarm 
28/03/2025 18:02:23.574 - INFO - (2106) HMDS data farm connection is OK:euhmds 
28/03/2025 18:02:23.575 - INFO - (2106) HMDS data farm connection is OK:fundfarm 
28/03/2025 18:02:23.575 - INFO - (2106) HMDS data farm connection is OK:ushmds 
28/03/2025 18:02:23.575 - INFO - (2158) Sec-def data farm connection is OK:secdefil 
28/03/2025 18:02:23.669 - INFO - Successfully connected to Interactive Brokers
28/03/2025 18:02:23.670 - INFO - Starting trading loop
28/03/2025 18:02:23.673 - INFO - PortfolioManager: Updating positions from orders.
28/03/2025 18:02:23.674 - DEBUG - PortfolioManager: There are 0 orders
28/03/2025 18:02:23.675 - INFO - PortfolioManager: Finished updating positions from orders. Currently 0 position(s).
28/03/2025 18:02:23.676 - DEBUG - Checking for cancelled market orders.
28/03/2025 18:02:23.686 - DEBUG - No cancelled orders found.
28/03/2025 18:02:23.687 - DEBUG - Checking PnL for trading pause.
28/03/2025 18:02:23.687 - DEBUG - PnL: 0
28/03/2025 18:02:23.690 - DEBUG - Checking for trading opportunities.
28/03/2025 18:02:24.739 - INFO - Market data:                                open      high       low     close volume
datetime                                                                
2025-03-28 11:53:00-05:00  19528.25  19530.50  19511.75  19512.00   2651
2025-03-28 11:54:00-05:00  19512.25  19527.75  19511.75  19525.25   2018
2025-03-28 11:55:00-05:00  19525.25  19525.50  19515.25  19516.25   1361
2025-03-28 11:56:00-05:00  19516.00  19517.75  19498.50  19501.00   3893
2025-03-28 11:57:00-05:00  19501.00  19502.75  19495.50  19499.50   2951
2025-03-28 11:58:00-05:00  19499.75  19499.75  19490.50  19492.25   2710
2025-03-28 11:59:00-05:00  19492.50  19495.00  19489.00  19492.75   2170
2025-03-28 12:00:00-05:00  19492.50  19492.75  19477.00  19483.25   5316
2025-03-28 12:01:00-05:00  19483.25  19483.75  19469.00  19479.00   4218
2025-03-28 12:02:00-05:00  19478.25  19485.00  19477.50  19483.75    866
28/03/2025 18:02:24.739 - INFO - Signal generated: BUY
28/03/2025 18:02:24.740 - DEBUG - Placing bracket order.
28/03/2025 18:02:24.942 - DEBUG - STP price: 19457.75, LMT price: 19562.75
28/03/2025 18:02:31.357 - INFO - All orders were accepted by the API.
28/03/2025 18:02:31.363 - ERROR - Error 399: Order Message: BUY 2 MNQ JUN'25 Warning: Your order was repriced so as not to cross a related resting order. 
28/03/2025 18:02:59.084 - DEBUG - Adding order to database: 198,0,0: MKT BUY 2.000000@ 
28/03/2025 18:02:59.101 - INFO - Added order 198 to database
28/03/2025 18:03:06.467 - DEBUG - Adding order to database: 199,0,0: LMT SELL 2.000000@19562.75 
28/03/2025 18:03:06.475 - INFO - Added order 199 to database
28/03/2025 18:03:09.323 - DEBUG - Adding order to database: 200,0,0: STP SELL 2.000000@ 
28/03/2025 18:03:09.330 - INFO - Added order 200 to database
28/03/2025 18:05:33.865 - ERROR - Error in trading loop: 'str' object cannot be interpreted as an integer
28/03/2025 18:05:43.867 - INFO - Starting trading loop
28/03/2025 18:05:43.870 - INFO - PortfolioManager: Updating positions from orders.
28/03/2025 18:05:43.870 - DEBUG - PortfolioManager: There are 3 orders
28/03/2025 18:05:43.871 - INFO - Order: 198,0,0: MKT BUY 2.000000@ 
28/03/2025 18:05:43.871 - INFO - Order: 199,0,0: LMT SELL 2.000000@19562.75 
28/03/2025 18:05:43.871 - INFO - Order: 200,0,0: STP SELL 2.000000@ 
28/03/2025 18:05:43.872 - DEBUG - Order statuses: 1 filled, 0 cancelled, 2 pending
28/03/2025 18:05:43.873 - INFO - Buy order filled, creating new position.
28/03/2025 18:05:43.873 - INFO - PortfolioManager: Finished updating positions from orders. Currently 1 position(s).
28/03/2025 18:05:43.874 - INFO - Position(
  Ticker: MNQ
  Security: FUT
  Currency: USD
  Expiry: 20250620
  Contract ID: 691171685
  Quantity: 2
  Avg Price: 19486.50 USD
  Stop Loss: None
  Take Profit: None
  Status: OPEN
  Time Opened: 2025-03-28 12:05:43 CDT
28/03/2025 18:05:43.874 - DEBUG - Checking for cancelled market orders.
28/03/2025 18:05:43.874 - DEBUG - No cancelled orders found.
28/03/2025 18:05:43.875 - DEBUG - Checking PnL for trading pause.
28/03/2025 18:05:43.875 - DEBUG - PnL: 0
28/03/2025 18:05:43.875 - DEBUG - Checking for trading opportunities.
28/03/2025 18:05:44.619 - INFO - Market data:                                open      high       low     close volume
datetime                                                                
2025-03-28 11:56:00-05:00  19516.00  19517.75  19498.50  19501.00   3893
2025-03-28 11:57:00-05:00  19501.00  19502.75  19495.50  19499.50   2951
2025-03-28 11:58:00-05:00  19499.75  19499.75  19490.50  19492.25   2710
2025-03-28 11:59:00-05:00  19492.50  19495.00  19489.00  19492.75   2170
2025-03-28 12:00:00-05:00  19492.50  19492.75  19477.00  19483.25   5316
2025-03-28 12:01:00-05:00  19483.25  19483.75  19469.00  19479.00   4218
2025-03-28 12:02:00-05:00  19478.25  19488.75  19477.50  19485.25   2452
2025-03-28 12:03:00-05:00  19485.00  19492.00  19480.25  19482.25   2070
2025-03-28 12:04:00-05:00  19482.50  19485.50  19480.00  19484.50   1696
2025-03-28 12:05:00-05:00  19483.75  19486.75  19473.00  19475.00   1989
28/03/2025 18:05:44.621 - INFO - Signal generated: BUY
28/03/2025 18:05:44.621 - ERROR - Error in trading loop: 'str' object cannot be interpreted as an integer
28/03/2025 18:05:54.623 - INFO - Starting trading loop
28/03/2025 18:05:54.625 - INFO - PortfolioManager: Updating positions from orders.
28/03/2025 18:05:54.628 - DEBUG - PortfolioManager: There are 3 orders
28/03/2025 18:05:54.629 - INFO - Order: 198,0,0: MKT BUY 2.000000@ 
28/03/2025 18:05:54.629 - INFO - Order: 199,0,0: LMT SELL 2.000000@19562.75 
28/03/2025 18:05:54.631 - INFO - Order: 200,0,0: STP SELL 2.000000@ 
28/03/2025 18:05:54.631 - DEBUG - Order statuses: 1 filled, 0 cancelled, 2 pending
28/03/2025 18:05:54.632 - INFO - PortfolioManager: Finished updating positions from orders. Currently 1 position(s).
28/03/2025 18:05:54.633 - INFO - Position(
  Ticker: MNQ
  Security: FUT
  Currency: USD
  Expiry: 20250620
  Contract ID: 691171685
  Quantity: 2
  Avg Price: 19486.50 USD
  Stop Loss: None
  Take Profit: None
  Status: OPEN
  Time Opened: 2025-03-28 12:05:43 CDT
28/03/2025 18:05:54.634 - DEBUG - Checking for cancelled market orders.
28/03/2025 18:05:54.634 - DEBUG - No cancelled orders found.
28/03/2025 18:05:54.635 - DEBUG - Checking PnL for trading pause.
28/03/2025 18:05:54.636 - DEBUG - PnL: 0
28/03/2025 18:05:54.637 - DEBUG - Checking for trading opportunities.
28/03/2025 18:05:55.373 - INFO - Market data:                                open      high       low     close volume
datetime                                                                
2025-03-28 11:56:00-05:00  19516.00  19517.75  19498.50  19501.00   3893
2025-03-28 11:57:00-05:00  19501.00  19502.75  19495.50  19499.50   2951
2025-03-28 11:58:00-05:00  19499.75  19499.75  19490.50  19492.25   2710
2025-03-28 11:59:00-05:00  19492.50  19495.00  19489.00  19492.75   2170
2025-03-28 12:00:00-05:00  19492.50  19492.75  19477.00  19483.25   5316
2025-03-28 12:01:00-05:00  19483.25  19483.75  19469.00  19479.00   4218
2025-03-28 12:02:00-05:00  19478.25  19488.75  19477.50  19485.25   2452
2025-03-28 12:03:00-05:00  19485.00  19492.00  19480.25  19482.25   2070
2025-03-28 12:04:00-05:00  19482.50  19485.50  19480.00  19484.50   1696
2025-03-28 12:05:00-05:00  19483.75  19486.75  19473.00  19473.50   2533
28/03/2025 18:05:55.373 - INFO - Signal generated: BUY
28/03/2025 18:05:55.373 - ERROR - Error in trading loop: 'str' object cannot be interpreted as an integer
